<?xml version="1.0" encoding="UTF-8"?>
<testsuite name="ReverseStringTest" tests="6" skipped="5" failures="0" errors="0" timestamp="2024-11-12T17:51:50" hostname="DESKTOP-IDLAU5A" time="0.053">
  <properties/>
  <testcase name="testAWord()" classname="ReverseStringTest" time="0.0">
    <skipped/>
  </testcase>
  <testcase name="testAnEmptyString()" classname="ReverseStringTest" time="0.048"/>
  <testcase name="testACapitalizedWord()" classname="ReverseStringTest" time="0.0">
    <skipped/>
  </testcase>
  <testcase name="testASentenceWithPunctuation()" classname="ReverseStringTest" time="0.0">
    <skipped/>
  </testcase>
  <testcase name="testAPalindrome()" classname="ReverseStringTest" time="0.0">
    <skipped/>
  </testcase>
  <testcase name="testAnEvenSizedWord()" classname="ReverseStringTest" time="0.0">
    <skipped/>
  </testcase>
  <system-out><![CDATA[]]></system-out>
  <system-err><![CDATA[]]></system-err>
</testsuite>
