<?xml version="1.0" encoding="UTF-8"?>
<testsuite name="TwoferTest" tests="3" skipped="0" failures="0" errors="0" timestamp="2024-11-12T18:03:51" hostname="DESKTOP-IDLAU5A" time="0.056">
  <properties/>
  <testcase name="noNameGiven()" classname="TwoferTest" time="0.051"/>
  <testcase name="aNameGiven()" classname="TwoferTest" time="0.003"/>
  <testcase name="anotherNameGiven()" classname="TwoferTest" time="0.0"/>
  <system-out><![CDATA[]]></system-out>
  <system-err><![CDATA[]]></system-err>
</testsuite>
